[2026-02-07 12:32:29] Indexing started
[2026-02-07 12:32:33] Indexing error: /bin/bash: line 1: mx_nc: command not found

[2026-02-07 13:16:33] Indexing started
[2026-02-07 13:16:41] Indexing error: /bin/bash: line 1: mx_nc: command not found

[2026-02-07 13:25:20] Indexing started
[2026-02-07 13:25:30] Indexing error: /bin/bash: line 1: mx_nc: command not found

[2026-02-07 13:55:21] Indexing started
[2026-02-07 13:55:22] Indexing error: /bin/bash: line 1: mx_nc: command not found

[2026-02-07 13:55:23] Indexing started
[2026-02-07 13:55:23] Indexing error: /bin/bash: line 1: mx_nc: command not found

[2026-02-07 13:56:10] Indexing started
[2026-02-07 13:56:59] Indexing started
[2026-02-07 13:58:38] Indexing started
[2026-02-07 13:58:44] Indexing started
[2026-02-07 14:22:05] Indexing started
[2026-02-07 14:22:07] Indexing started
[2026-02-07 14:24:25] Indexing error: mx_nc failed in WSL (venv not active?)
[2026-02-07 14:24:29] Indexing started
[2026-02-07 14:24:30] Indexing started
[2026-02-07 14:26:27] Indexing started
[2026-02-07 14:26:46] Indexing started
[2026-02-07 14:31:25] Indexing started
[2026-02-07 14:31:29] Indexing started
[2026-02-07 14:31:33] Indexing started
[2026-02-07 14:37:20] Indexing started
[2026-02-07 14:39:47] Indexing started
[2026-02-07 15:01:36] Indexing started
[2026-02-07 15:51:21] Indexing started
[2026-02-07 16:25:26] Indexing started
[2026-02-07 16:25:29] Indexing started
[2026-02-07 16:25:35] Indexing started
[2026-02-07 16:31:19] Indexing started
[2026-02-07 16:31:25] Indexing started
[2026-02-07 16:31:53] Indexing started
[2026-02-07 16:35:05] Indexing started
[2026-02-07 16:36:18] Indexing started
[2026-02-07 16:37:43] Indexing started
[2026-02-07 16:37:53] Indexing started
[2026-02-07 16:37:59] Indexing started
[2026-02-07 16:38:41] Indexing started
[2026-02-07 16:40:57] Indexing started
[2026-02-07 16:41:16] Indexing started
[2026-02-07 16:42:07] Indexing started
[2026-02-07 16:42:20] Indexing started
[2026-02-07 16:43:56] Indexing started
[2026-02-07 16:44:47] Indexing started
[2026-02-07 16:45:10] Indexing started
[2026-02-07 16:47:45] Indexing started
[2026-02-07 16:48:04] Indexing started
[2026-02-07 16:49:42] Indexing started
[2026-02-07 16:54:02] Indexing started
[2026-02-07 16:54:03] Indexing started
[2026-02-07 16:56:32] Indexing started
[2026-02-07 17:01:15] Indexing started
[2026-02-07 17:01:16] Indexing started
[2026-02-07 17:25:24] Indexing started
[2026-02-07 17:25:28] Indexing started
[2026-02-07 17:25:41] Indexing started
[2026-02-07 17:25:42] Indexing started
[2026-02-07 17:28:35] Indexing started
[2026-02-07 17:28:49] Indexing started
[2026-02-07 17:28:59] Indexing started
[2026-02-07 17:29:01] Indexing started
[2026-02-07 17:31:38] Indexing started
[2026-02-07 17:31:40] Indexing started
[2026-02-07 17:36:56] Indexing started
[2026-02-07 19:12:21] Indexing started
[2026-02-07 19:12:27] Indexing started
[2026-02-07 19:12:29] Indexing started
[2026-02-07 19:16:58] Indexing started
[2026-02-07 19:17:02] Indexing started
[2026-02-07 19:17:16] Indexing started
[2026-02-07 19:17:23] Indexing started
[2026-02-07 19:29:41] Indexing started
[2026-02-07 19:30:54] Indexing started
[2026-02-07 19:33:38] Indexing started
[2026-02-07 19:33:47] Indexing started
[2026-02-07 19:33:50] Indexing started
[2026-02-07 19:58:58] Indexing started
[2026-02-07 19:59:44] Indexing started
[2026-02-07 20:17:32] Indexing started
[2026-02-07 20:17:35] Indexing started
[2026-02-07 20:17:39] Indexing started
[2026-02-07 20:18:37] Indexing started
[2026-02-07 20:18:42] Indexing started
[2026-02-07 20:19:25] Indexing started
[2026-02-07 20:19:28] Indexing started
[2026-02-07 20:24:09] Indexing started
[2026-02-07 20:25:25] Indexing started
[2026-02-07 20:29:28] Indexing started
[2026-02-07 20:29:42] Indexing started
[2026-02-07 20:33:04] Indexing started
[2026-02-07 20:33:11] Indexing started
[2026-02-07 20:35:26] Indexing started
[2026-02-07 20:35:33] Indexing started
[2026-02-07 20:37:48] Indexing started
[2026-02-07 20:41:18] Indexing started
[2026-02-07 20:41:46] Indexing started
[2026-02-07 20:41:50] Indexing started
[2026-02-07 20:41:54] Indexing started
[2026-02-07 20:56:30] Indexing started
[2026-02-07 20:56:37] Indexing started
[2026-02-07 20:59:07] Indexing started
[2026-02-07 20:59:26] Indexing started
[2026-02-07 21:02:16] Indexing started
[2026-02-07 21:02:26] Indexing started
[2026-02-07 21:02:40] Indexing started
[2026-02-07 21:02:50] Indexing started
[2026-02-07 21:04:02] Indexing started
[2026-02-07 21:06:23] Indexing started
[2026-02-07 21:08:16] Indexing started
[2026-02-07 21:08:40] Indexing started
[2026-02-07 21:08:49] Indexing started
[2026-02-07 21:09:20] Indexing started
[2026-02-07 21:10:42] Indexing started
[2026-02-07 21:10:46] Indexing started
[2026-02-07 21:10:49] Indexing started
[2026-02-07 21:12:56] Indexing started
[2026-02-07 21:13:46] Indexing started
[2026-02-07 21:13:53] Indexing started
[2026-02-07 21:15:07] Indexing started
[2026-02-07 21:15:11] Indexing started
[2026-02-07 21:15:14] Indexing started
[2026-02-07 21:15:19] Indexing started
[2026-02-07 21:15:34] Indexing started
[2026-02-07 21:16:39] Indexing started
[2026-02-07 21:18:43] Indexing started
[2026-02-07 21:19:07] Indexing started
[2026-02-07 21:20:39] Indexing started
[2026-02-07 21:20:45] Indexing started
[2026-02-07 21:50:05] Indexing started
[2026-02-07 21:58:16] Indexing started
[2026-02-07 21:58:24] Indexing started
[2026-02-07 21:58:32] Indexing started
[2026-02-07 21:58:37] Indexing started
[2026-02-07 22:00:46] Indexing started
[2026-02-07 22:01:16] Indexing started
[2026-02-07 22:01:27] Indexing started
[2026-02-07 22:01:40] Indexing started
[2026-02-07 22:02:10] Indexing started
[2026-02-07 22:02:18] Indexing started
[2026-02-07 22:02:27] Indexing started
[2026-02-07 22:05:00] Indexing started
[2026-02-07 22:05:06] Indexing started
[2026-02-07 22:05:25] Indexing started
[2026-02-07 22:05:49] Indexing started
[2026-02-07 22:07:03] Indexing started
[2026-02-07 22:07:14] Indexing started
[2026-02-07 22:07:19] Indexing started
[2026-02-07 22:09:12] Indexing started
[2026-02-07 22:12:21] Indexing started
[2026-02-07 22:12:24] Indexing started
[2026-02-07 22:12:40] Indexing started
[2026-02-07 22:12:57] Indexing started
[2026-02-07 22:13:01] Indexing started
[2026-02-07 22:13:04] Indexing started
[2026-02-07 22:13:10] Indexing started
[2026-02-07 22:13:13] Indexing started
[2026-02-08 11:28:06] Indexing started
[2026-02-08 11:31:27] Indexing started
[2026-02-08 11:38:32] Indexing started
[2026-02-08 11:38:41] Indexing started
[2026-02-08 11:50:16] Indexing started
[2026-02-08 11:50:18] Indexing started
[2026-02-08 12:10:00] Indexing started
[2026-02-08 12:10:01] Indexing started
[2026-02-08 12:24:58] Indexing started
[2026-02-08 12:25:00] Indexing started
[2026-02-08 12:27:00] Indexing started
[2026-02-08 12:27:02] Indexing started
[2026-02-08 12:29:42] Indexing started
[2026-02-08 12:29:44] Indexing started
[2026-02-08 12:37:26] Indexing started
[2026-02-08 12:37:28] Indexing started
[2026-02-08 12:40:39] Indexing started
[2026-02-08 12:40:41] Indexing started
[2026-02-08 12:43:48] Indexing started
[2026-02-08 12:43:50] Indexing started
[2026-02-08 12:45:19] Indexing started
[2026-02-08 12:45:21] Indexing started
[2026-02-08 12:47:01] Indexing started
[2026-02-08 12:47:03] Indexing started
[2026-02-08 12:48:01] Indexing started
[2026-02-08 12:48:02] Indexing started
[2026-02-08 12:48:42] Indexing started
[2026-02-08 12:48:43] Indexing started
[2026-02-08 12:54:11] Indexing started
[2026-02-08 12:54:13] Indexing started
[2026-02-08 13:01:08] Indexing started
[2026-02-08 13:01:11] Indexing started
[2026-02-08 13:01:18] Indexing started
[2026-02-08 13:01:23] Indexing started
[2026-02-08 13:09:11] Indexing started
[2026-02-08 13:09:15] Indexing started
[2026-02-08 13:11:51] Indexing started
[2026-02-08 13:12:00] Indexing started
[2026-02-08 13:12:20] Indexing started
[2026-02-08 13:19:22] Indexing started
[2026-02-08 13:19:28] Indexing started
[2026-02-08 13:20:32] Indexing started
[2026-02-08 13:20:39] Indexing started
[2026-02-08 13:20:55] Indexing started
[2026-02-08 13:20:59] Indexing started
[2026-02-08 13:21:07] Indexing started
[2026-02-08 13:21:11] Indexing started
[2026-02-08 13:21:19] Indexing started
[2026-02-08 13:21:31] Indexing started
[2026-02-08 13:21:45] Indexing started
[2026-02-08 13:21:58] Indexing started
[2026-02-08 13:22:14] Indexing started
[2026-02-08 13:22:27] Indexing started
[2026-02-08 13:22:41] Indexing started
[2026-02-08 13:23:01] Indexing started
[2026-02-08 13:23:30] Indexing started
[2026-02-08 13:23:33] Indexing started
[2026-02-08 13:26:13] Indexing started
[2026-02-08 13:26:15] Indexing started
[2026-02-08 13:32:44] Indexing started
[2026-02-08 13:32:50] Indexing started
[2026-02-08 13:37:07] Indexing started
[2026-02-08 13:37:08] Indexing started
[2026-02-08 13:38:33] Indexing started
[2026-02-08 13:38:35] Indexing started
[2026-02-08 13:43:00] Indexing started
[2026-02-08 13:43:06] Indexing started
[2026-02-08 13:43:30] Indexing started
[2026-02-08 13:43:39] Indexing started
[2026-02-08 13:44:39] Indexing started
[2026-02-08 13:46:23] Indexing started
[2026-02-08 13:46:35] Indexing started
[2026-02-08 13:46:41] Indexing started
[2026-02-08 13:46:48] Indexing started
[2026-02-08 13:46:57] Indexing started
[2026-02-08 13:47:03] Indexing started
[2026-02-08 13:47:16] Indexing started
[2026-02-08 13:47:20] Indexing started
[2026-02-08 13:54:53] Indexing started
[2026-02-08 13:55:04] Indexing started
[2026-02-08 14:06:16] Indexing started
[2026-02-08 14:06:48] Indexing started
[2026-02-08 14:06:54] Indexing started
[2026-02-08 14:06:57] Indexing started
[2026-02-08 14:07:11] Indexing started
[2026-02-08 14:07:29] Indexing started
[2026-02-08 14:07:38] Indexing started
[2026-02-08 14:07:56] Indexing started
[2026-02-08 14:08:00] Indexing started
[2026-02-08 14:08:09] Indexing started
[2026-02-08 14:08:13] Indexing started
[2026-02-08 14:08:18] Indexing started
[2026-02-08 14:08:23] Indexing started
[2026-02-08 14:08:40] Indexing started
[2026-02-08 14:08:48] Indexing started
[2026-02-08 14:09:09] Indexing started
[2026-02-08 14:13:45] Indexing started
[2026-02-08 14:14:03] Indexing started
[2026-02-08 14:14:04] Indexing started
[2026-02-08 14:14:57] Indexing started
[2026-02-08 14:19:05] Indexing started
[2026-02-08 14:19:07] Indexing started
[2026-02-08 14:19:52] Indexing started
[2026-02-08 14:19:53] Indexing started
[2026-02-08 14:21:04] Indexing started
[2026-02-08 14:21:05] Indexing started
[2026-02-08 14:22:21] Indexing started
[2026-02-08 14:22:22] Indexing started
[2026-02-08 14:27:24] Indexing started
[2026-02-08 14:27:26] Indexing started
[2026-02-08 14:53:39] Indexing started
[2026-02-08 14:55:39] Indexing started
[2026-02-08 14:55:46] Indexing started
[2026-02-08 14:56:53] Indexing started
[2026-02-08 14:57:08] Indexing started
[2026-02-08 14:57:38] Indexing started
[2026-02-08 14:58:34] Indexing started
[2026-02-08 14:59:10] Indexing started
[2026-02-08 14:59:43] Indexing started
[2026-02-08 15:02:54] Indexing started
[2026-02-08 15:05:31] Indexing started
[2026-02-08 15:05:55] Indexing started
[2026-02-08 15:36:40] Indexing started
[2026-02-08 15:36:41] Indexing started
[2026-02-08 16:09:11] Indexing started
[2026-02-08 16:09:40] Indexing started
[2026-02-08 16:15:03] Indexing started
[2026-02-08 16:15:09] Indexing started
[2026-02-08 16:19:31] Indexing started
[2026-02-08 16:19:50] Indexing started
[2026-02-08 16:20:18] Indexing started
[2026-02-08 16:20:36] Indexing started
[2026-02-08 16:24:44] Indexing started
[2026-02-08 16:24:54] Indexing started
[2026-02-08 16:25:12] Indexing started
[2026-02-08 16:26:42] Indexing started
[2026-02-08 16:39:10] Indexing started
[2026-02-08 16:39:16] Indexing started
[2026-02-08 16:41:12] Indexing started
[2026-02-08 16:42:40] Indexing started
[2026-02-08 16:42:45] Indexing started
[2026-02-08 16:42:52] Indexing started
[2026-02-08 16:42:56] Indexing started
[2026-02-08 16:44:32] Indexing started
[2026-02-08 16:44:37] Indexing started
[2026-02-08 16:44:41] Indexing started
[2026-02-08 16:44:46] Indexing started
[2026-02-08 16:44:53] Indexing started
[2026-02-08 16:45:49] Indexing started
[2026-02-08 18:19:10] Indexing started
[2026-02-08 18:19:21] Indexing started
[2026-02-08 18:19:23] Indexing started
[2026-02-08 18:39:01] Indexing started
[2026-02-08 18:39:03] Indexing started
[2026-02-08 18:41:37] Indexing started
[2026-02-08 18:45:00] Indexing started
[2026-02-08 18:45:03] Indexing started
[2026-02-08 18:45:12] Indexing started
[2026-02-08 18:48:54] Indexing started
[2026-02-08 18:52:49] Indexing started
[2026-02-08 18:52:56] Indexing started
[2026-02-08 18:53:14] Indexing started
[2026-02-08 18:53:55] Indexing started
[2026-02-08 18:54:12] Indexing started
[2026-02-08 18:54:24] Indexing started
[2026-02-08 18:59:04] Indexing started
[2026-02-08 18:59:07] Indexing started
[2026-02-08 19:06:40] Indexing started
[2026-02-08 19:06:43] Indexing started
[2026-02-08 19:06:52] Indexing started
[2026-02-08 19:06:56] Indexing started
[2026-02-08 19:07:31] Indexing started
[2026-02-08 19:07:35] Indexing started
[2026-02-08 19:07:39] Indexing started
[2026-02-08 19:07:44] Indexing started
[2026-02-08 19:07:47] Indexing started
[2026-02-08 19:07:51] Indexing started
[2026-02-08 19:07:54] Indexing started
[2026-02-08 19:08:02] Indexing started
[2026-02-08 19:08:56] Indexing started
[2026-02-08 19:10:32] Indexing started
[2026-02-08 19:10:34] Indexing started
[2026-02-08 19:10:42] Indexing started
[2026-02-08 19:10:50] Indexing started
[2026-02-08 19:10:57] Indexing started
[2026-02-08 19:11:02] Indexing started
[2026-02-08 19:11:33] Indexing started
[2026-02-08 19:11:38] Indexing started
[2026-02-08 19:11:41] Indexing started
[2026-02-08 19:11:46] Indexing started
[2026-02-08 19:11:52] Indexing started
[2026-02-08 19:12:17] Indexing started
[2026-02-08 19:17:20] Indexing started
[2026-02-08 19:17:28] Indexing started
[2026-02-08 19:17:38] Indexing started
[2026-02-08 19:18:07] Indexing started
[2026-02-08 19:18:47] Indexing started
[2026-02-08 19:18:53] Indexing started
[2026-02-08 19:18:58] Indexing started
[2026-02-08 19:19:12] Indexing started
[2026-02-08 19:19:20] Indexing started
[2026-02-08 19:19:25] Indexing started
[2026-02-08 19:19:31] Indexing started
[2026-02-08 19:19:42] Indexing started
[2026-02-08 19:19:45] Indexing started
[2026-02-08 19:20:20] Indexing started
[2026-02-08 19:20:24] Indexing started
[2026-02-08 19:20:33] Indexing started
[2026-02-08 19:20:57] Indexing started
[2026-02-08 19:21:01] Indexing started
[2026-02-09 13:18:45] Indexing started
[2026-02-09 13:18:46] Indexing started
[2026-02-09 13:19:52] Indexing started
[2026-02-09 13:19:54] Indexing started
[2026-03-09 16:14:25] Indexing started
[2026-03-09 16:21:48] Indexing started
[2026-03-09 16:21:50] Indexing started
[2026-03-09 16:28:29] Indexing started
[2026-03-09 16:28:31] Indexing started
[2026-03-09 16:34:10] Indexing started
[2026-03-09 16:34:12] Indexing started
[2026-03-09 16:34:35] Indexing error: Traceback (most recent call last):
  File "/home/baldman/mx/bin/mx_nc", line 6, in <module>
    sys.exit(main())
  File "memryx/neural_compiler/nc.py", line 2178, in memryx.neural_compiler.nc.main
  File "memryx/neural_compiler/nc.py", line 1420, in memryx.neural_compiler.nc.NeuralCompiler.run
  File "memryx/neural_compiler/nc.py", line 1399, in memryx.neural_compiler.nc.NeuralCompiler.run
  File "memryx/neural_compiler/nc.py", line 1464, in memryx.neural_compiler.nc.NeuralCompiler.load
  File "memryx/neural_compiler/graph/framework/model_loader_factory.py", line 454, in memryx.neural_compiler.graph.framework.model_loader_factory.ModelLoader.load
  File "memryx/neural_compiler/graph/framework/onnx/loader.py", line 614, in memryx.neural_compiler.graph.framework.onnx.loader.OnnxLoader.load
  File "/home/baldman/mx/lib/python3.10/site-packages/onnx/__init__.py", line 210, in load_model
    model = _get_serializer(format, f).deserialize_proto(_load_bytes(f), ModelProto())
  File "/home/baldman/mx/lib/python3.10/site-packages/onnx/serialization.py", line 118, in deserialize_proto
    decoded = typing.cast(Optional[int], proto.ParseFromString(serialized))
google.protobuf.message.DecodeError: Error parsing message with type 'onnx.ModelProto'

[2026-03-09 16:34:46] Indexing error: Traceback (most recent call last):
  File "/home/baldman/mx/bin/mx_nc", line 6, in <module>
    sys.exit(main())
  File "memryx/neural_compiler/nc.py", line 2178, in memryx.neural_compiler.nc.main
  File "memryx/neural_compiler/nc.py", line 1420, in memryx.neural_compiler.nc.NeuralCompiler.run
  File "memryx/neural_compiler/nc.py", line 1399, in memryx.neural_compiler.nc.NeuralCompiler.run
  File "memryx/neural_compiler/nc.py", line 1464, in memryx.neural_compiler.nc.NeuralCompiler.load
  File "memryx/neural_compiler/graph/framework/model_loader_factory.py", line 454, in memryx.neural_compiler.graph.framework.model_loader_factory.ModelLoader.load
  File "memryx/neural_compiler/graph/framework/onnx/loader.py", line 614, in memryx.neural_compiler.graph.framework.onnx.loader.OnnxLoader.load
  File "/home/baldman/mx/lib/python3.10/site-packages/onnx/__init__.py", line 210, in load_model
    model = _get_serializer(format, f).deserialize_proto(_load_bytes(f), ModelProto())
  File "/home/baldman/mx/lib/python3.10/site-packages/onnx/serialization.py", line 118, in deserialize_proto
    decoded = typing.cast(Optional[int], proto.ParseFromString(serialized))
google.protobuf.message.DecodeError: Error parsing message with type 'onnx.ModelProto'

[2026-03-09 16:35:07] Indexing started
[2026-03-09 16:35:19] Indexing error: Traceback (most recent call last):
  File "/home/baldman/mx/bin/mx_nc", line 6, in <module>
    sys.exit(main())
  File "memryx/neural_compiler/nc.py", line 2178, in memryx.neural_compiler.nc.main
  File "memryx/neural_compiler/nc.py", line 1420, in memryx.neural_compiler.nc.NeuralCompiler.run
  File "memryx/neural_compiler/nc.py", line 1399, in memryx.neural_compiler.nc.NeuralCompiler.run
  File "memryx/neural_compiler/nc.py", line 1464, in memryx.neural_compiler.nc.NeuralCompiler.load
  File "memryx/neural_compiler/graph/framework/model_loader_factory.py", line 454, in memryx.neural_compiler.graph.framework.model_loader_factory.ModelLoader.load
  File "memryx/neural_compiler/graph/framework/onnx/loader.py", line 614, in memryx.neural_compiler.graph.framework.onnx.loader.OnnxLoader.load
  File "/home/baldman/mx/lib/python3.10/site-packages/onnx/__init__.py", line 210, in load_model
    model = _get_serializer(format, f).deserialize_proto(_load_bytes(f), ModelProto())
  File "/home/baldman/mx/lib/python3.10/site-packages/onnx/serialization.py", line 118, in deserialize_proto
    decoded = typing.cast(Optional[int], proto.ParseFromString(serialized))
google.protobuf.message.DecodeError: Error parsing message with type 'onnx.ModelProto'

[2026-03-09 16:36:33] Indexing started
[2026-03-09 16:36:45] Indexing error: Traceback (most recent call last):
  File "/home/baldman/mx/bin/mx_nc", line 6, in <module>
    sys.exit(main())
  File "memryx/neural_compiler/nc.py", line 2178, in memryx.neural_compiler.nc.main
  File "memryx/neural_compiler/nc.py", line 1420, in memryx.neural_compiler.nc.NeuralCompiler.run
  File "memryx/neural_compiler/nc.py", line 1399, in memryx.neural_compiler.nc.NeuralCompiler.run
  File "memryx/neural_compiler/nc.py", line 1464, in memryx.neural_compiler.nc.NeuralCompiler.load
  File "memryx/neural_compiler/graph/framework/model_loader_factory.py", line 454, in memryx.neural_compiler.graph.framework.model_loader_factory.ModelLoader.load
  File "memryx/neural_compiler/graph/framework/onnx/loader.py", line 614, in memryx.neural_compiler.graph.framework.onnx.loader.OnnxLoader.load
  File "/home/baldman/mx/lib/python3.10/site-packages/onnx/__init__.py", line 210, in load_model
    model = _get_serializer(format, f).deserialize_proto(_load_bytes(f), ModelProto())
  File "/home/baldman/mx/lib/python3.10/site-packages/onnx/serialization.py", line 118, in deserialize_proto
    decoded = typing.cast(Optional[int], proto.ParseFromString(serialized))
google.protobuf.message.DecodeError: Error parsing message with type 'onnx.ModelProto'

[2026-03-09 16:59:08] Indexing started
[2026-03-09 16:59:22] Indexing error: memryx.errors.CompilerError: Input layer: `input_ids` has an undefined shape: [1, 'sequence']
Check the NeuralCompiler documentation to see how to provide model input shapes


[2026-03-09 17:00:09] Indexing started
[2026-03-09 17:00:13] Indexing started
[2026-03-09 17:00:35] Indexing error: memryx.errors.OperatorError: During conversion found unsupported nodes Gather(3). Using autocrop (--autocrop) might help.

[2026-03-09 17:00:46] Indexing started
[2026-03-09 17:01:03] Indexing error: memryx.errors.OperatorError: During conversion found unsupported nodes Gather(3). Using autocrop (--autocrop) might help.

[2026-03-09 17:01:43] Indexing started
[2026-03-09 17:02:11] Indexing error: MxUserWarning: [38;2;255;255;0mUnable to partition the model into non-overlapping sections of: pre-processing, neural network and post-processing; Only the neural network section will be extracted for the NeuralCompiler[0m 
memryx.errors.OperatorError: During conversion found unsupported nodes Gather(3).

[2026-03-09 17:03:33] Indexing started
[2026-03-09 17:03:37] Indexing error: mx_nc not found and WSL is unavailable. Install WSL + MemryX tools.
[2026-03-09 17:04:45] Indexing started
[2026-03-09 17:05:11] Indexing error: MxUserWarning: [38;2;255;255;0mUnable to partition the model into non-overlapping sections of: pre-processing, neural network and post-processing; Only the neural network section will be extracted for the NeuralCompiler[0m 
memryx.errors.OperatorError: During conversion found unsupported nodes Gather(3).

[2026-03-09 17:10:33] Indexing started
[2026-03-09 17:11:01] Indexing error: MxUserWarning: [38;2;255;255;0mUnable to partition the model into non-overlapping sections of: pre-processing, neural network and post-processing; Only the neural network section will be extracted for the NeuralCompiler[0m 
memryx.errors.OperatorError: During conversion found unsupported nodes Gather(3).

[2026-03-09 17:16:18] Indexing started
[2026-03-09 17:16:19] Indexing started
[2026-03-09 17:16:50] MemryX compile fallback to CPU: MxUserWarning: [38;2;255;255;0mUnable to partition the model into non-overlapping sections of: pre-processing, neural network and post-processing; Only the neural network section will be extracted for the NeuralCompiler[0m 
memryx.errors.OperatorError: During conversion found unsupported nodes Gather(3).

[2026-03-09 17:16:51] MemryX compile fallback to CPU: MxUserWarning: [38;2;255;255;0mUnable to partition the model into non-overlapping sections of: pre-processing, neural network and post-processing; Only the neural network section will be extracted for the NeuralCompiler[0m 
memryx.errors.OperatorError: During conversion found unsupported nodes Gather(3).

[2026-03-09 17:17:07] Progress 1/229 | 5.01 eps | 9589.21 ms/batch
[2026-03-09 17:17:30] Progress 10/229 | 14.73 eps | 3259.25 ms/batch
[2026-03-09 17:17:30] Progress 10/229 | 14.59 eps | 3290.03 ms/batch
[2026-03-09 17:17:56] Progress 20/229 | 16.48 eps | 2912.04 ms/batch
[2026-03-09 17:17:56] Progress 20/229 | 16.36 eps | 2934.78 ms/batch
[2026-03-09 17:18:23] Progress 30/229 | 16.98 eps | 2826.14 ms/batch
[2026-03-09 17:18:23] Progress 30/229 | 16.8 eps | 2857.47 ms/batch
[2026-03-09 17:18:49] Progress 40/229 | 17.24 eps | 2783.42 ms/batch
[2026-03-09 17:18:50] Progress 40/229 | 17.09 eps | 2809.22 ms/batch
[2026-03-09 17:19:15] Progress 50/229 | 17.43 eps | 2753.32 ms/batch
[2026-03-09 17:19:16] Progress 50/229 | 17.28 eps | 2777.03 ms/batch
[2026-03-09 17:19:42] Progress 60/229 | 17.55 eps | 2735.77 ms/batch
[2026-03-09 17:19:43] Progress 60/229 | 17.43 eps | 2753.81 ms/batch
[2026-03-09 17:20:09] Progress 70/229 | 17.54 eps | 2735.85 ms/batch
[2026-03-09 17:20:10] Progress 70/229 | 17.46 eps | 2749.3 ms/batch
[2026-03-09 17:20:35] Progress 80/229 | 17.68 eps | 2714.83 ms/batch
[2026-03-09 17:20:35] Progress 80/229 | 17.62 eps | 2724.27 ms/batch
[2026-03-09 17:21:00] Progress 90/229 | 17.85 eps | 2689.44 ms/batch
[2026-03-09 17:21:00] Progress 90/229 | 17.8 eps | 2697.15 ms/batch
[2026-03-09 17:21:25] Progress 100/229 | 17.97 eps | 2670.51 ms/batch
[2026-03-09 17:21:25] Progress 100/229 | 17.93 eps | 2676.53 ms/batch
[2026-03-09 17:21:50] Progress 110/229 | 18.08 eps | 2654.56 ms/batch
[2026-03-09 17:21:50] Progress 110/229 | 18.04 eps | 2660.78 ms/batch
[2026-03-09 17:22:19] Progress 120/229 | 17.95 eps | 2673.94 ms/batch
[2026-03-09 17:22:19] Progress 120/229 | 17.91 eps | 2679.95 ms/batch
[2026-03-09 17:22:48] Progress 130/229 | 17.81 eps | 2695.75 ms/batch
[2026-03-09 17:22:48] Progress 130/229 | 17.78 eps | 2699.75 ms/batch
[2026-03-09 17:23:17] Progress 140/229 | 17.71 eps | 2710.93 ms/batch
[2026-03-09 17:23:18] Progress 140/229 | 17.67 eps | 2715.92 ms/batch
[2026-03-09 17:23:47] Progress 150/229 | 17.58 eps | 2729.99 ms/batch
[2026-03-09 17:23:47] Progress 150/229 | 17.59 eps | 2728.79 ms/batch
[2026-03-09 17:24:15] Progress 160/229 | 17.55 eps | 2734.43 ms/batch
[2026-03-09 17:24:15] Progress 160/229 | 17.56 eps | 2733.46 ms/batch
[2026-03-09 17:24:44] Progress 170/229 | 17.51 eps | 2741.43 ms/batch
[2026-03-09 17:24:44] Progress 170/229 | 17.51 eps | 2741.7 ms/batch
[2026-03-09 17:25:12] Progress 180/229 | 17.48 eps | 2745.22 ms/batch
[2026-03-09 17:25:12] Progress 180/229 | 17.47 eps | 2747.44 ms/batch
[2026-03-09 18:09:41] Indexing started
[2026-03-09 18:44:02] Indexing started
[2026-03-09 18:44:29] MemryX compile fallback to CPU: MxUserWarning: [38;2;255;255;0mUnable to partition the model into non-overlapping sections of: pre-processing, neural network and post-processing; Only the neural network section will be extracted for the NeuralCompiler[0m 
memryx.errors.OperatorError: During conversion found unsupported nodes Gather(3).

[2026-03-09 18:44:47] Progress 1/246 | 43.48 eps | 1103.92 ms/batch
[2026-03-09 18:44:52] Progress 10/246 | 69.97 eps | 685.99 ms/batch
[2026-03-09 18:44:59] Progress 20/246 | 72.1 eps | 665.78 ms/batch
[2026-03-09 18:45:05] Progress 30/246 | 73.63 eps | 651.95 ms/batch
[2026-03-09 18:45:11] Progress 40/246 | 74.31 eps | 645.91 ms/batch
[2026-03-09 18:45:17] Progress 50/246 | 75.01 eps | 639.92 ms/batch
[2026-03-09 18:45:24] Progress 60/246 | 75.56 eps | 635.26 ms/batch
[2026-03-09 18:45:30] Progress 70/246 | 75.76 eps | 633.56 ms/batch
[2026-03-09 18:45:36] Progress 80/246 | 75.46 eps | 636.1 ms/batch
[2026-03-09 18:45:43] Progress 90/246 | 75.03 eps | 639.74 ms/batch
[2026-03-09 18:45:50] Progress 100/246 | 74.78 eps | 641.91 ms/batch
[2026-03-09 18:45:56] Progress 110/246 | 74.53 eps | 644.02 ms/batch
[2026-03-09 18:46:03] Progress 120/246 | 74.47 eps | 644.55 ms/batch
[2026-03-09 18:46:09] Progress 130/246 | 74.36 eps | 645.54 ms/batch
[2026-03-09 18:46:16] Progress 140/246 | 74.44 eps | 644.83 ms/batch
[2026-03-09 18:46:22] Progress 150/246 | 74.55 eps | 643.84 ms/batch
[2026-03-09 18:46:28] Progress 160/246 | 74.71 eps | 642.5 ms/batch
[2026-03-09 18:46:34] Progress 170/246 | 74.85 eps | 641.28 ms/batch
[2026-03-09 18:46:41] Progress 180/246 | 75.0 eps | 639.98 ms/batch
[2026-03-09 18:46:47] Progress 190/246 | 75.07 eps | 639.43 ms/batch
[2026-03-09 18:46:53] Progress 200/246 | 75.16 eps | 638.63 ms/batch
[2026-03-09 18:46:59] Progress 210/246 | 75.21 eps | 638.18 ms/batch
[2026-03-09 18:47:06] Progress 220/246 | 75.21 eps | 638.25 ms/batch
[2026-03-09 18:47:12] Progress 230/246 | 75.15 eps | 638.72 ms/batch
[2026-03-09 18:47:19] Progress 240/246 | 75.2 eps | 638.33 ms/batch
[2026-03-09 18:47:22] Progress 246/246 | 75.39 eps | 636.71 ms/batch
[2026-03-09 18:47:23] Indexing done: 11781 vectors | 384 dim
[2026-03-09 18:51:35] Indexing started
[2026-03-09 18:52:03] MemryX compile fallback to CPU: MxUserWarning: [38;2;255;255;0mUnable to partition the model into non-overlapping sections of: pre-processing, neural network and post-processing; Only the neural network section will be extracted for the NeuralCompiler[0m 
memryx.errors.OperatorError: During conversion found unsupported nodes Gather(3).

[2026-03-09 18:52:04] Indexing error: AttributeError
[2026-03-09 18:53:34] Indexing started
[2026-03-09 18:53:59] MemryX compile fallback to CPU: MxUserWarning: [38;2;255;255;0mUnable to partition the model into non-overlapping sections of: pre-processing, neural network and post-processing; Only the neural network section will be extracted for the NeuralCompiler[0m 
memryx.errors.OperatorError: During conversion found unsupported nodes Gather(3).

[2026-03-09 18:54:03] Indexing error: AttributeError
[2026-03-09 21:56:43] Indexing started
[2026-03-09 21:57:10] Indexing error: MemryxIndexingError
[2026-03-09 23:12:58] Indexing started
[2026-03-09 23:13:27] Indexing error: MemryxIndexingError
[2026-03-09 23:15:09] Indexing started
[2026-03-09 23:15:36] Indexing error: MemryxIndexingError
[2026-03-09 23:19:30] Indexing started
[2026-03-09 23:19:58] Indexing error: MemryxIndexingError
[2026-03-09 23:24:51] Exception traceback: Traceback (most recent call last):
  File "D:\Oxidus for the people\web_gui.py", line 2897, in admin_stop_autonomy
    oxidus.thought_stream.add_thought(ThoughtType.DECISION, 'Autonomy disabled by admin')
  File "D:\Oxidus for the people\src\utils\thought_stream.py", line 135, in add_thought
    self.thought_counts[thought_type] += 1
    ~~~~~~~~~~~~~~~~~~~^^^^^^^^^^^^^^
KeyError: <ThoughtType.DECISION: 'decision'>

